[2025-05-03 16:57:13] [INFO] 加载配置...
[2025-05-03 16:57:14] [INFO] 配置加载完成:
[2025-05-03 16:57:14] [INFO]   - 本地路径: /home/ben_he/baidu_share
[2025-05-03 16:57:14] [INFO]   - 远程路径: /rk3588_firmware
[2025-05-03 16:57:14] [INFO] 同步状态信息:
[2025-05-03 16:57:14] [INFO]   - 本地路径: /home/ben_he/baidu_share
[2025-05-03 16:57:14] [INFO]   - 远程路径: /rk3588_firmware
[2025-05-03 16:57:14] [INFO]   - 日志文件: /home/ben_he/baidu_sync_project/logs/sync_20250503.log
[2025-05-03 17:08:24] [INFO] 检查依赖...
[2025-05-03 17:08:24] [INFO] 依赖检查通过
[2025-05-03 17:08:24] [INFO] 加载配置...
[2025-05-03 17:08:24] [INFO] 配置加载完成:
[2025-05-03 17:08:24] [INFO]   - 本地路径: /home/ben_he/baidu_share
[2025-05-03 17:08:24] [INFO]   - 远程路径: /rk3588_firmware
[2025-05-03 17:08:24] [INFO] 同步状态信息:
[2025-05-03 17:08:33] [INFO] 检查依赖...
[2025-05-03 17:08:33] [INFO] 依赖检查通过
[2025-05-03 17:08:33] [INFO] 加载配置...
[2025-05-03 17:08:34] [INFO] 配置加载完成:
[2025-05-03 17:08:34] [INFO]   - 本地路径: /home/ben_he/baidu_share
[2025-05-03 17:08:34] [INFO]   - 远程路径: /rk3588_firmware
[2025-05-03 17:08:34] [INFO] 授权百度云盘账号...
[2025-05-03 17:08:34] [INFO] 百度云盘账号已授权
[2025-05-03 17:08:34] [INFO] 开始完全同步(包括删除): /home/ben_he/baidu_share -> /rk3588_firmware
[2025-05-03 17:08:39] [INFO] 完全同步完成: /home/ben_he/baidu_share -> /rk3588_firmware
[2025-05-03 17:45:09] [INFO] 检查依赖...
[2025-05-03 17:45:09] [INFO] 依赖检查通过
[2025-05-03 17:45:09] [INFO] 加载配置...
[2025-05-03 17:45:09] [INFO] 配置加载完成:
[2025-05-03 17:45:09] [INFO]   - 本地路径: /home/ben_he/baidu_share
[2025-05-03 17:45:09] [INFO]   - 远程路径: /rk3588_firmware
[2025-05-03 17:45:09] [INFO] 授权百度云盘账号...
[2025-05-03 17:45:10] [INFO] 百度云盘账号已授权
[2025-05-03 17:45:10] [INFO] 开始完全同步(包括删除): /home/ben_he/baidu_share -> /rk3588_firmware
[2025-05-03 17:45:26] [INFO] 完全同步完成: /home/ben_he/baidu_share -> /rk3588_firmware
[2025-05-03 17:48:01] [INFO] 检查依赖...
[2025-05-03 17:48:01] [INFO] 依赖检查通过
[2025-05-03 17:48:01] [INFO] 加载配置...
[2025-05-03 17:48:01] [INFO] 配置加载完成:
[2025-05-03 17:48:01] [INFO]   - 本地路径: /home/ben_he/baidu_share
[2025-05-03 17:48:01] [INFO]   - 远程路径: /rk3588_firmware
[2025-05-03 17:48:01] [INFO] 授权百度云盘账号...
[2025-05-03 17:48:01] [INFO] 百度云盘账号已授权
[2025-05-03 17:48:01] [INFO] 开始反向同步(包括删除): /rk3588_firmware -> /home/ben_he/baidu_share
[2025-05-03 17:48:08] [INFO] 反向同步完成: /rk3588_firmware -> /home/ben_he/baidu_share
[2025-05-03 17:51:01] [INFO] 检查依赖...
[2025-05-03 17:51:01] [INFO] 依赖检查通过
[2025-05-03 17:51:01] [INFO] 加载配置...
[2025-05-03 17:51:01] [INFO] 配置加载完成:
[2025-05-03 17:51:01] [INFO]   - 本地路径: /home/ben_he/baidu_share
[2025-05-03 17:51:01] [INFO]   - 远程路径: /rk3588_firmware
[2025-05-03 17:51:01] [INFO] 授权百度云盘账号...
[2025-05-03 17:51:02] [INFO] 百度云盘账号已授权
[2025-05-03 17:51:02] [INFO] 开始反向同步(包括删除): /rk3588_firmware -> /home/ben_he/baidu_share
[2025-05-03 17:51:09] [INFO] 反向同步完成: /rk3588_firmware -> /home/ben_he/baidu_share
[2025-05-03 17:52:41] [INFO] 检查依赖...
[2025-05-03 17:52:41] [INFO] 依赖检查通过
[2025-05-03 17:52:41] [INFO] 加载配置...
[2025-05-03 17:52:41] [INFO] 配置加载完成:
[2025-05-03 17:52:41] [INFO]   - 本地路径: /home/ben_he/baidu_share
[2025-05-03 17:52:41] [INFO]   - 远程路径: /rk3588_firmware
[2025-05-03 17:52:41] [INFO] 授权百度云盘账号...
[2025-05-03 17:52:42] [INFO] 百度云盘账号已授权
[2025-05-03 17:52:42] [INFO] 开始反向同步(包括删除): /rk3588_firmware -> /home/ben_he/baidu_share
[2025-05-03 17:52:47] [INFO] 反向同步完成: /rk3588_firmware -> /home/ben_he/baidu_share
