[2025-05-02 14:46:49] [INFO] 配置同步参数...
[2025-05-02 14:47:49] [INFO] 配置已保存: /home/ben_he/baidu_sync_project/config/sync_config.json
[2025-05-02 14:47:55] [INFO] 同步服务未运行
[2025-05-02 14:48:07] [INFO] 检查依赖...
[2025-05-02 14:48:07] [ERROR] 未找到bypy命令，请先安装: pip3 install bypy
[2025-05-02 14:52:27] [INFO] 检查依赖...
[2025-05-02 14:52:27] [ERROR] 未找到bypy命令，请先安装: pip3 install bypy
[2025-05-02 15:07:10] [INFO] 检查依赖...
[2025-05-02 15:07:10] [ERROR] 未找到inotifywait命令，请先安装: sudo apt-get install inotify-tools
[2025-05-02 15:08:24] [INFO] 检查依赖...
[2025-05-02 15:08:24] [INFO] 依赖检查通过
[2025-05-02 15:08:24] [INFO] 加载配置...
[2025-05-02 15:08:24] [INFO] 配置加载完成:
[2025-05-02 15:08:24] [INFO]   - 本地路径: ~du_share
[2025-05-02 15:08:24] [INFO]   - 远程路径: /rk3588_firmware
[2025-05-02 15:08:24] [INFO]   - 同步间隔: 60 秒
[2025-05-02 15:08:24] [INFO]   - 实时监控: true
[2025-05-02 15:08:24] [INFO]   - 同步模式: bidirectional
[2025-05-02 15:08:24] [INFO] 授权百度云盘账号...
[2025-05-02 15:20:12] [ERROR] 百度云盘账号授权失败
[2025-05-02 15:20:12] [INFO] 执行全量同步: 本地 -> 百度云盘
[2025-05-02 15:20:18] [INFO] 检查依赖...
[2025-05-02 15:20:18] [INFO] 依赖检查通过
[2025-05-02 15:20:18] [INFO] 加载配置...
[2025-05-02 15:20:19] [INFO] 配置加载完成:
[2025-05-02 15:20:19] [INFO]   - 本地路径: ~du_share
[2025-05-02 15:20:19] [INFO]   - 远程路径: /rk3588_firmware
[2025-05-02 15:20:19] [INFO]   - 同步间隔: 60 秒
[2025-05-02 15:20:19] [INFO]   - 实时监控: true
[2025-05-02 15:20:19] [INFO]   - 同步模式: bidirectional
[2025-05-02 15:20:19] [INFO] 授权百度云盘账号...
[2025-05-02 15:20:36] [INFO] 百度云盘账号已授权
[2025-05-02 15:20:36] [INFO] 执行全量同步: 本地 -> 百度云盘
[2025-05-02 15:20:38] [INFO] 全量同步成功: ~du_share -> /rk3588_firmware
[2025-05-02 15:20:38] [INFO] 执行全量同步: 百度云盘 -> 本地
[2025-05-02 15:20:40] [INFO] 全量同步成功: /rk3588_firmware -> ~du_share
[2025-05-02 15:20:40] [INFO] 启动定时同步，间隔: 60 秒
[2025-05-02 15:20:40] [INFO] 定时同步已启动 (PID: 3257777)
[2025-05-02 15:20:40] [INFO] 执行全量同步: 本地 -> 百度云盘
[2025-05-02 15:20:40] [INFO] 启动实时监控: ~du_share
[2025-05-02 15:20:40] [INFO] 实时监控已启动 (PID: 3257789)
[2025-05-02 15:20:40] [INFO] 同步服务已启动
[2025-05-02 15:21:01] [INFO] 同步服务正在运行
[2025-05-02 15:21:01] [INFO] 统计信息:
[2025-05-02 15:21:01] [INFO]   - 本地路径: 
[2025-05-02 15:21:01] [INFO]   - 远程路径: 
[2025-05-02 15:21:01] [INFO]   - 同步模式: upload
[2025-05-02 15:21:01] [INFO]   - 实时监控: true
[2025-05-02 15:21:01] [INFO]   - 同步间隔: 60 秒
[2025-05-02 15:21:01] [INFO]   - 日志文件: /home/ben_he/baidu_sync_project/logs/sync_20250502.log
[2025-05-02 15:22:33] [INFO] 停止同步服务...
[2025-05-02 15:22:33] [INFO] 同步服务已停止
[2025-05-02 15:22:48] [INFO] 配置同步参数...
[2025-05-02 15:23:33] [INFO] 全量同步成功: ~du_share -> /rk3588_firmware
[2025-05-02 15:23:33] [INFO] 执行全量同步: 百度云盘 -> 本地
[2025-05-02 15:23:33] [INFO] 全量同步成功: /rk3588_firmware -> ~du_share
[2025-05-02 15:24:15] [INFO] 配置同步参数...
[2025-05-02 15:24:33] [INFO] 执行全量同步: 本地 -> 百度云盘
[2025-05-02 15:24:35] [INFO] 全量同步成功: ~du_share -> /rk3588_firmware
[2025-05-02 15:24:35] [INFO] 执行全量同步: 百度云盘 -> 本地
[2025-05-02 15:24:35] [INFO] 全量同步成功: /rk3588_firmware -> ~du_share
[2025-05-02 15:24:49] [INFO] 配置已保存: /home/ben_he/baidu_sync_project/config/sync_config.json
[2025-05-02 15:25:14] [INFO] 检查依赖...
[2025-05-02 15:25:14] [INFO] 依赖检查通过
[2025-05-02 15:25:14] [INFO] 加载配置...
[2025-05-02 15:25:14] [INFO] 配置加载完成:
[2025-05-02 15:25:14] [INFO]   - 本地路径: /home/ben_he/baidu_share
[2025-05-02 15:25:14] [INFO]   - 远程路径: /rk3588_firmware
[2025-05-02 15:25:14] [INFO]   - 同步间隔: 60 秒
[2025-05-02 15:25:14] [INFO]   - 实时监控: true
[2025-05-02 15:25:14] [INFO]   - 同步模式: upload
[2025-05-02 15:25:14] [INFO] 授权百度云盘账号...
[2025-05-02 15:25:15] [INFO] 百度云盘账号已授权
[2025-05-02 15:25:15] [INFO] 执行全量同步: 本地 -> 百度云盘
[2025-05-02 15:25:22] [INFO] 全量同步成功: /home/ben_he/baidu_share -> /rk3588_firmware
[2025-05-02 15:25:22] [INFO] 启动定时同步，间隔: 60 秒
[2025-05-02 15:25:22] [INFO] 定时同步已启动 (PID: 3263444)
[2025-05-02 15:25:22] [INFO] 执行全量同步: 本地 -> 百度云盘
[2025-05-02 15:25:22] [INFO] 启动实时监控: /home/ben_he/baidu_share
[2025-05-02 15:25:22] [INFO] 实时监控已启动 (PID: 3263456)
[2025-05-02 15:25:22] [INFO] 同步服务已启动
[2025-05-02 15:25:23] [INFO] 全量同步成功: /home/ben_he/baidu_share -> /rk3588_firmware
[2025-05-02 15:25:35] [INFO] 执行全量同步: 本地 -> 百度云盘
[2025-05-02 15:25:36] [INFO] 全量同步成功: ~du_share -> /rk3588_firmware
[2025-05-02 15:25:36] [INFO] 执行全量同步: 百度云盘 -> 本地
[2025-05-02 15:25:38] [INFO] 检测到事件: CREATE,ISDIR ~du_share/windows_bat
[2025-05-02 15:25:38] [INFO] 检测到事件: CREATE ~du_share/windows_bat/sync_config.json
[2025-05-02 15:25:39] [INFO] 上传文件: ~du_share/windows_bat/sync_config.json -> /rk3588_firmware/windows_bat/sync_config.json
[2025-05-02 15:25:40] [INFO] 上传成功: ~du_share/windows_bat/sync_config.json
[2025-05-02 15:25:40] [INFO] 检测到事件: MODIFY ~du_share/windows_bat/sync_config.json
[2025-05-02 15:25:40] [INFO] 检测到事件: CREATE ~du_share/test
[2025-05-02 15:25:40] [INFO] 检测到事件: DELETE ~du_share/test
[2025-05-02 15:25:40] [INFO] 删除远程文件: /rk3588_firmware/test
[2025-05-02 15:25:42] [INFO] 检测到事件: DELETE ~du_share/windows_bat/sync_config.json
[2025-05-02 15:25:42] [INFO] 删除远程文件: /rk3588_firmware/windows_bat/sync_config.json
[2025-05-02 15:25:43] [INFO] 检测到事件: DELETE,ISDIR ~du_share/windows_bat
[2025-05-02 15:25:43] [INFO] 删除远程文件: /rk3588_firmware/windows_bat
[2025-05-02 15:26:14] [INFO] 检测到事件: CREATE,ISDIR /home/ben_he/baidu_share/test6
[2025-05-02 15:26:23] [INFO] 执行全量同步: 本地 -> 百度云盘
[2025-05-02 15:26:29] [INFO] 全量同步成功: /home/ben_he/baidu_share -> /rk3588_firmware
[2025-05-02 15:27:29] [INFO] 执行全量同步: 本地 -> 百度云盘
[2025-05-02 15:27:30] [INFO] 全量同步成功: /rk3588_firmware -> ~du_share
[2025-05-02 15:27:31] [INFO] 全量同步成功: /home/ben_he/baidu_share -> /rk3588_firmware
[2025-05-02 15:28:30] [INFO] 执行全量同步: 本地 -> 百度云盘
[2025-05-02 15:28:31] [INFO] 执行全量同步: 本地 -> 百度云盘
[2025-05-02 15:28:32] [INFO] 全量同步成功: ~du_share -> /rk3588_firmware
[2025-05-02 15:28:32] [INFO] 执行全量同步: 百度云盘 -> 本地
[2025-05-02 15:28:32] [INFO] 全量同步成功: /home/ben_he/baidu_share -> /rk3588_firmware
[2025-05-02 15:28:36] [INFO] 全量同步成功: /rk3588_firmware -> ~du_share
[2025-05-02 15:29:16] [INFO] 停止同步服务...
[2025-05-02 15:29:16] [INFO] 同步服务已停止
[2025-05-02 15:29:23] [INFO] 配置同步参数...
[2025-05-02 15:29:32] [INFO] 执行全量同步: 本地 -> 百度云盘
[2025-05-02 15:29:34] [INFO] 全量同步成功: /home/ben_he/baidu_share -> /rk3588_firmware
[2025-05-02 15:29:37] [INFO] 执行全量同步: 本地 -> 百度云盘
[2025-05-02 15:29:38] [INFO] 全量同步成功: ~du_share -> /rk3588_firmware
[2025-05-02 15:29:38] [INFO] 执行全量同步: 百度云盘 -> 本地
[2025-05-02 15:29:40] [INFO] 全量同步成功: /rk3588_firmware -> ~du_share
[2025-05-02 15:30:34] [INFO] 执行全量同步: 本地 -> 百度云盘
[2025-05-02 15:30:36] [INFO] 全量同步成功: /home/ben_he/baidu_share -> /rk3588_firmware
[2025-05-02 15:30:40] [INFO] 执行全量同步: 本地 -> 百度云盘
[2025-05-02 15:30:41] [INFO] 全量同步成功: ~du_share -> /rk3588_firmware
[2025-05-02 15:30:41] [INFO] 执行全量同步: 百度云盘 -> 本地
[2025-05-02 15:30:43] [INFO] 全量同步成功: /rk3588_firmware -> ~du_share
[2025-05-02 15:31:08] [INFO] 停止同步服务...
[2025-05-02 15:31:08] [INFO] 同步服务已停止
[2025-05-02 15:31:36] [INFO] 执行全量同步: 本地 -> 百度云盘
[2025-05-02 15:32:43] [INFO] 检查依赖...
[2025-05-02 15:32:43] [ERROR] 未找到bypy命令，请先安装: pip3 install bypy
[2025-05-02 15:33:22] [INFO] 检查依赖...
[2025-05-02 15:33:22] [INFO] 依赖检查通过
[2025-05-02 15:33:22] [INFO] 加载配置...
[2025-05-02 15:33:22] [INFO] 配置加载完成:
[2025-05-02 15:33:22] [INFO]   - 本地路径: /home/ben_he/baidu_share
[2025-05-02 15:33:22] [INFO]   - 远程路径: /rk3588_firmware
[2025-05-02 15:33:22] [INFO]   - 同步间隔: 60 秒
[2025-05-02 15:33:22] [INFO]   - 实时监控: true
[2025-05-02 15:33:22] [INFO]   - 同步模式: upload
[2025-05-02 15:33:22] [INFO] 授权百度云盘账号...
[2025-05-02 15:33:23] [INFO] 百度云盘账号已授权
[2025-05-02 15:33:23] [INFO] 执行全量同步: 本地 -> 百度云盘
[2025-05-02 15:33:25] [INFO] 全量同步成功: /home/ben_he/baidu_share -> /rk3588_firmware
[2025-05-02 15:33:25] [INFO] 启动定时同步，间隔: 60 秒
[2025-05-02 15:33:25] [INFO] 定时同步已启动 (PID: 3266120)
[2025-05-02 15:33:25] [INFO] 执行全量同步: 本地 -> 百度云盘
[2025-05-02 15:33:25] [INFO] 启动实时监控: /home/ben_he/baidu_share
[2025-05-02 15:33:25] [INFO] 实时监控已启动 (PID: 3266132)
[2025-05-02 15:33:25] [INFO] 同步服务已启动
[2025-05-02 15:33:26] [INFO] 全量同步成功: /home/ben_he/baidu_share -> /rk3588_firmware
[2025-05-02 15:33:35] [INFO] 同步服务正在运行
[2025-05-02 15:33:35] [INFO] 统计信息:
[2025-05-02 15:33:35] [INFO]   - 本地路径: 
[2025-05-02 15:33:35] [INFO]   - 远程路径: 
[2025-05-02 15:33:35] [INFO]   - 同步模式: upload
[2025-05-02 15:33:35] [INFO]   - 实时监控: true
[2025-05-02 15:33:35] [INFO]   - 同步间隔: 60 秒
[2025-05-02 15:33:35] [INFO]   - 日志文件: /home/ben_he/baidu_sync_project/logs/sync_20250502.log
[2025-05-02 15:33:49] [INFO] 检测到事件: CREATE /home/ben_he/baidu_share/test.txt
[2025-05-02 15:33:49] [INFO] 上传文件: /home/ben_he/baidu_share/test.txt -> /rk3588_firmware/test.txt
[2025-05-02 15:33:51] [INFO] 上传成功: /home/ben_he/baidu_share/test.txt
[2025-05-02 15:33:51] [INFO] 检测到事件: MODIFY /home/ben_he/baidu_share/test.txt
[2025-05-02 15:33:51] [INFO] 上传文件: /home/ben_he/baidu_share/test.txt -> /rk3588_firmware/test.txt
[2025-05-02 15:33:52] [INFO] 上传成功: /home/ben_he/baidu_share/test.txt
[2025-05-02 15:34:26] [INFO] 执行全量同步: 本地 -> 百度云盘
[2025-05-02 15:34:28] [INFO] 全量同步成功: /home/ben_he/baidu_share -> /rk3588_firmware
[2025-05-02 15:35:15] [INFO] 检测到事件: CREATE /home/ben_he/baidu_share/test_new_153515.txt
[2025-05-02 15:35:15] [INFO] 上传文件: /home/ben_he/baidu_share/test_new_153515.txt -> /rk3588_firmware/test_new_153515.txt
[2025-05-02 15:35:17] [INFO] 上传成功: /home/ben_he/baidu_share/test_new_153515.txt
[2025-05-02 15:35:17] [INFO] 检测到事件: MODIFY /home/ben_he/baidu_share/test_new_153515.txt
[2025-05-02 15:35:17] [INFO] 上传文件: /home/ben_he/baidu_share/test_new_153515.txt -> /rk3588_firmware/test_new_153515.txt
[2025-05-02 15:35:19] [INFO] 上传成功: /home/ben_he/baidu_share/test_new_153515.txt
[2025-05-02 15:35:28] [INFO] 执行全量同步: 本地 -> 百度云盘
[2025-05-02 15:35:30] [INFO] 全量同步成功: /home/ben_he/baidu_share -> /rk3588_firmware
[2025-05-02 15:36:09] [INFO] 停止同步服务...
[2025-05-02 15:36:09] [INFO] 同步服务已停止
[2025-05-02 15:36:30] [INFO] 执行全量同步: 本地 -> 百度云盘
[2025-05-02 15:36:32] [INFO] 全量同步成功: /home/ben_he/baidu_share -> /rk3588_firmware
[2025-05-02 15:36:36] [INFO] 检查依赖...
[2025-05-02 15:36:36] [INFO] 依赖检查通过
[2025-05-02 15:36:36] [INFO] 加载配置...
[2025-05-02 15:36:36] [INFO] 配置加载完成:
[2025-05-02 15:36:36] [INFO]   - 本地路径: /home/ben_he/baidu_share
[2025-05-02 15:36:36] [INFO]   - 远程路径: /rk3588_firmware
[2025-05-02 15:36:36] [INFO]   - 同步间隔: 60 秒
[2025-05-02 15:36:36] [INFO]   - 实时监控: true
[2025-05-02 15:36:36] [INFO]   - 同步模式: bidirectional
[2025-05-02 15:36:36] [INFO] 授权百度云盘账号...
[2025-05-02 15:36:37] [INFO] 百度云盘账号已授权
[2025-05-02 15:36:37] [INFO] 执行全量同步: 本地 -> 百度云盘
[2025-05-02 15:36:38] [INFO] 全量同步成功: /home/ben_he/baidu_share -> /rk3588_firmware
[2025-05-02 15:36:38] [INFO] 执行全量同步: 百度云盘 -> 本地
[2025-05-02 15:36:41] [INFO] 检测到事件: CREATE /home/ben_he/baidu_share/from_cli.txt
[2025-05-02 15:36:41] [INFO] 上传文件: /home/ben_he/baidu_share/from_cli.txt -> /rk3588_firmware/from_cli.txt
[2025-05-02 15:36:41] [INFO] 全量同步成功: /rk3588_firmware -> /home/ben_he/baidu_share
[2025-05-02 15:36:41] [INFO] 启动定时同步，间隔: 60 秒
[2025-05-02 15:36:41] [INFO] 定时同步已启动 (PID: 3267375)
[2025-05-02 15:36:41] [INFO] 执行全量同步: 本地 -> 百度云盘
[2025-05-02 15:36:41] [INFO] 启动实时监控: /home/ben_he/baidu_share
[2025-05-02 15:36:41] [INFO] 实时监控已启动 (PID: 3267387)
[2025-05-02 15:36:41] [INFO] 同步服务已启动
[2025-05-02 15:36:43] [INFO] 上传成功: /home/ben_he/baidu_share/from_cli.txt
[2025-05-02 15:36:43] [INFO] 检测到事件: MODIFY /home/ben_he/baidu_share/from_cli.txt
[2025-05-02 15:36:43] [INFO] 上传文件: /home/ben_he/baidu_share/from_cli.txt -> /rk3588_firmware/from_cli.txt
[2025-05-02 15:36:43] [INFO] 全量同步成功: /home/ben_he/baidu_share -> /rk3588_firmware
[2025-05-02 15:36:43] [INFO] 执行全量同步: 百度云盘 -> 本地
[2025-05-02 15:36:45] [INFO] 全量同步成功: /rk3588_firmware -> /home/ben_he/baidu_share
[2025-05-02 15:36:45] [INFO] 上传成功: /home/ben_he/baidu_share/from_cli.txt
[2025-05-02 15:37:32] [INFO] 执行全量同步: 本地 -> 百度云盘
[2025-05-02 15:37:33] [INFO] 全量同步成功: /home/ben_he/baidu_share -> /rk3588_firmware
[2025-05-02 15:37:45] [INFO] 执行全量同步: 本地 -> 百度云盘
[2025-05-02 15:37:47] [INFO] 全量同步成功: /home/ben_he/baidu_share -> /rk3588_firmware
[2025-05-02 15:37:47] [INFO] 执行全量同步: 百度云盘 -> 本地
[2025-05-02 15:37:49] [INFO] 全量同步成功: /rk3588_firmware -> /home/ben_he/baidu_share
[2025-05-02 15:38:33] [INFO] 执行全量同步: 本地 -> 百度云盘
[2025-05-02 15:38:35] [INFO] 全量同步成功: /home/ben_he/baidu_share -> /rk3588_firmware
[2025-05-02 15:38:49] [INFO] 执行全量同步: 本地 -> 百度云盘
[2025-05-02 15:38:50] [INFO] 全量同步成功: /home/ben_he/baidu_share -> /rk3588_firmware
[2025-05-02 15:38:50] [INFO] 执行全量同步: 百度云盘 -> 本地
[2025-05-02 15:38:52] [INFO] 全量同步成功: /rk3588_firmware -> /home/ben_he/baidu_share
[2025-05-02 15:39:35] [INFO] 执行全量同步: 本地 -> 百度云盘
[2025-05-02 15:39:38] [INFO] 全量同步成功: /home/ben_he/baidu_share -> /rk3588_firmware
[2025-05-02 15:39:52] [INFO] 执行全量同步: 本地 -> 百度云盘
[2025-05-02 15:39:54] [INFO] 全量同步成功: /home/ben_he/baidu_share -> /rk3588_firmware
[2025-05-02 15:39:54] [INFO] 执行全量同步: 百度云盘 -> 本地
[2025-05-02 15:39:56] [INFO] 全量同步成功: /rk3588_firmware -> /home/ben_he/baidu_share
[2025-05-02 15:40:32] [INFO] 检查依赖...
[2025-05-02 15:40:32] [INFO] 依赖检查通过
[2025-05-02 15:40:32] [INFO] 加载配置...
[2025-05-02 15:40:32] [INFO] 配置加载完成:
[2025-05-02 15:40:32] [INFO]   - 本地路径: /home/ben_he/baidu_share
[2025-05-02 15:40:32] [INFO]   - 远程路径: /rk3588_firmware
[2025-05-02 15:40:32] [INFO]   - 同步间隔: 60 秒
[2025-05-02 15:40:32] [INFO]   - 实时监控: true
[2025-05-02 15:40:32] [INFO]   - 同步模式: bidirectional
[2025-05-02 15:40:32] [INFO] 授权百度云盘账号...
[2025-05-02 15:40:33] [INFO] 百度云盘账号已授权
[2025-05-02 15:40:33] [INFO] 手动执行同步...
[2025-05-02 15:40:33] [INFO] 执行全量同步: 本地 -> 百度云盘
[2025-05-02 15:40:38] [INFO] 执行全量同步: 本地 -> 百度云盘
[2025-05-02 15:40:40] [INFO] 全量同步成功: /home/ben_he/baidu_share -> /rk3588_firmware
[2025-05-02 15:40:40] [INFO] 执行全量同步: 百度云盘 -> 本地
[2025-05-02 15:40:41] [INFO] 全量同步成功: /rk3588_firmware -> /home/ben_he/baidu_share
[2025-05-02 15:40:41] [INFO] 手动同步完成
[2025-05-02 15:40:41] [INFO] 全量同步成功: /home/ben_he/baidu_share -> /rk3588_firmware
[2025-05-02 15:40:56] [INFO] 执行全量同步: 本地 -> 百度云盘
[2025-05-02 15:40:57] [INFO] 全量同步成功: /home/ben_he/baidu_share -> /rk3588_firmware
[2025-05-02 15:40:57] [INFO] 执行全量同步: 百度云盘 -> 本地
[2025-05-02 15:40:59] [INFO] 全量同步成功: /rk3588_firmware -> /home/ben_he/baidu_share
[2025-05-02 15:41:20] [INFO] 检测到事件: MOVED_FROM /home/ben_he/baidu_share/test4.txt
[2025-05-02 15:41:20] [INFO] 检测到事件: MOVED_FROM /home/ben_he/baidu_share/test4.txt
[2025-05-02 15:41:20] [INFO] 删除远程文件: /rk3588_firmware/test4.txt
[2025-05-02 15:41:20] [INFO] 删除远程文件: /rk3588_firmware/test4.txt
[2025-05-02 15:41:22] [INFO] 检查依赖...
[2025-05-02 15:41:22] [INFO] 依赖检查通过
[2025-05-02 15:41:22] [INFO] 加载配置...
[2025-05-02 15:41:22] [INFO] 配置加载完成:
[2025-05-02 15:41:22] [INFO]   - 本地路径: /home/ben_he/baidu_share
[2025-05-02 15:41:22] [INFO]   - 远程路径: /rk3588_firmware
[2025-05-02 15:41:22] [INFO]   - 同步间隔: 60 秒
[2025-05-02 15:41:22] [INFO]   - 实时监控: true
[2025-05-02 15:41:22] [INFO]   - 同步模式: bidirectional
[2025-05-02 15:41:22] [INFO] 授权百度云盘账号...
[2025-05-02 15:41:23] [INFO] 百度云盘账号已授权
[2025-05-02 15:41:23] [INFO] 手动执行同步...
[2025-05-02 15:41:23] [INFO] 执行全量同步: 本地 -> 百度云盘
[2025-05-02 15:41:25] [INFO] 全量同步成功: /home/ben_he/baidu_share -> /rk3588_firmware
[2025-05-02 15:41:25] [INFO] 执行全量同步: 百度云盘 -> 本地
[2025-05-02 15:41:26] [INFO] 全量同步成功: /rk3588_firmware -> /home/ben_he/baidu_share
[2025-05-02 15:41:26] [INFO] 手动同步完成
[2025-05-02 15:41:41] [INFO] 执行全量同步: 本地 -> 百度云盘
[2025-05-02 15:41:43] [INFO] 全量同步成功: /home/ben_he/baidu_share -> /rk3588_firmware
[2025-05-02 15:41:59] [INFO] 执行全量同步: 本地 -> 百度云盘
[2025-05-02 15:42:01] [INFO] 全量同步成功: /home/ben_he/baidu_share -> /rk3588_firmware
[2025-05-02 15:42:01] [INFO] 执行全量同步: 百度云盘 -> 本地
[2025-05-02 15:42:03] [INFO] 全量同步成功: /rk3588_firmware -> /home/ben_he/baidu_share
[2025-05-02 15:42:43] [INFO] 执行全量同步: 本地 -> 百度云盘
[2025-05-02 15:42:45] [INFO] 全量同步成功: /home/ben_he/baidu_share -> /rk3588_firmware
[2025-05-02 15:43:03] [INFO] 执行全量同步: 本地 -> 百度云盘
[2025-05-02 15:43:04] [INFO] 全量同步成功: /home/ben_he/baidu_share -> /rk3588_firmware
[2025-05-02 15:43:04] [INFO] 执行全量同步: 百度云盘 -> 本地
[2025-05-02 15:43:06] [INFO] 全量同步成功: /rk3588_firmware -> /home/ben_he/baidu_share
[2025-05-02 15:43:40] [INFO] 停止同步服务...
[2025-05-02 15:43:40] [INFO] 查找残留进程...
[2025-05-02 15:43:40] [INFO] 终止残留的inotifywait进程: 3266131 3267386 3269619 
[2025-05-02 15:43:40] [INFO] 终止残留的脚本进程: 3266120 3267375 
[2025-05-02 15:43:42] [INFO] 所有进程已成功终止
[2025-05-02 15:43:42] [INFO] 同步服务已停止
[2025-05-02 15:43:59] [INFO] 检查依赖...
[2025-05-02 15:43:59] [INFO] 依赖检查通过
[2025-05-02 15:43:59] [INFO] 加载配置...
[2025-05-02 15:44:00] [INFO] 配置加载完成:
[2025-05-02 15:44:00] [INFO]   - 本地路径: /home/ben_he/baidu_share
[2025-05-02 15:44:00] [INFO]   - 远程路径: /rk3588_firmware
[2025-05-02 15:44:00] [INFO]   - 同步间隔: 60 秒
[2025-05-02 15:44:00] [INFO]   - 实时监控: true
[2025-05-02 15:44:00] [INFO]   - 同步模式: bidirectional
[2025-05-02 15:44:00] [INFO] 授权百度云盘账号...
[2025-05-02 15:44:00] [INFO] 百度云盘账号已授权
[2025-05-02 15:44:00] [INFO] 执行全量同步: 本地 -> 百度云盘
[2025-05-02 15:44:02] [INFO] 全量同步成功: /home/ben_he/baidu_share -> /rk3588_firmware
[2025-05-02 15:44:02] [INFO] 执行全量同步: 百度云盘 -> 本地
[2025-05-02 15:44:03] [INFO] 全量同步成功: /rk3588_firmware -> /home/ben_he/baidu_share
[2025-05-02 15:44:03] [INFO] 启动定时同步，间隔: 60 秒
[2025-05-02 15:44:03] [INFO] 定时同步已启动 (PID: 3269854)
[2025-05-02 15:44:03] [INFO] 执行全量同步: 本地 -> 百度云盘
[2025-05-02 15:44:03] [INFO] 启动实时监控: /home/ben_he/baidu_share
[2025-05-02 15:44:03] [INFO] 实时监控已启动 (PID: 3269866)
[2025-05-02 15:44:03] [INFO] 同步服务已启动
[2025-05-02 15:44:05] [INFO] 全量同步成功: /home/ben_he/baidu_share -> /rk3588_firmware
[2025-05-02 15:44:05] [INFO] 执行全量同步: 百度云盘 -> 本地
[2025-05-02 15:44:07] [INFO] 全量同步成功: /rk3588_firmware -> /home/ben_he/baidu_share
[2025-05-02 15:44:13] [INFO] 强制终止所有相关进程...
[2025-05-02 15:44:14] [INFO] 终止以下进程: 3269854 3269866  3269865 
[2025-05-02 15:44:15] [INFO] 所有进程已成功终止
[2025-05-02 15:44:15] [INFO] 清理操作完成
[2025-05-02 15:45:22] [INFO] 检查依赖...
[2025-05-02 15:45:22] [INFO] 依赖检查通过
[2025-05-02 15:45:22] [INFO] 加载配置...
[2025-05-02 15:45:23] [INFO] 配置加载完成:
[2025-05-02 15:45:23] [INFO]   - 本地路径: /home/ben_he/baidu_share
[2025-05-02 15:45:23] [INFO]   - 远程路径: /rk3588_firmware
[2025-05-02 15:45:23] [INFO]   - 同步间隔: 60 秒
[2025-05-02 15:45:23] [INFO]   - 实时监控: true
[2025-05-02 15:45:23] [INFO]   - 同步模式: bidirectional
[2025-05-02 15:45:23] [INFO] 授权百度云盘账号...
[2025-05-02 15:45:24] [INFO] 百度云盘账号已授权
[2025-05-02 15:45:24] [INFO] 手动执行同步...
[2025-05-02 15:45:24] [INFO] 执行全量同步: 本地 -> 百度云盘
[2025-05-02 15:45:25] [INFO] 全量同步成功: /home/ben_he/baidu_share -> /rk3588_firmware
[2025-05-02 15:45:25] [INFO] 执行全量同步: 百度云盘 -> 本地
[2025-05-02 15:45:34] [INFO] 全量同步成功: /rk3588_firmware -> /home/ben_he/baidu_share
[2025-05-02 15:45:34] [INFO] 手动同步完成
[2025-05-02 15:46:18] [INFO] 停止同步服务...
[2025-05-02 15:46:18] [INFO] 查找残留进程...
[2025-05-02 15:46:18] [INFO] 终止残留的inotifywait进程: 3270599 
[2025-05-02 15:46:19] [INFO] 所有进程已成功终止
[2025-05-02 15:46:19] [INFO] 同步服务已停止
[2025-05-02 15:46:27] [INFO] 配置同步参数...
[2025-05-02 15:46:35] [INFO] 同步服务未运行
[2025-05-02 15:46:39] [INFO] 检查依赖...
[2025-05-02 15:46:39] [INFO] 依赖检查通过
[2025-05-02 15:46:39] [INFO] 加载配置...
[2025-05-02 15:46:40] [INFO] 配置加载完成:
[2025-05-02 15:46:40] [INFO]   - 本地路径: /home/ben_he/baidu_share
[2025-05-02 15:46:40] [INFO]   - 远程路径: /rk3588_firmware
[2025-05-02 15:46:40] [INFO]   - 同步间隔: 60 秒
[2025-05-02 15:46:40] [INFO]   - 实时监控: true
[2025-05-02 15:46:40] [INFO]   - 同步模式: bidirectional
[2025-05-02 15:46:40] [INFO] 授权百度云盘账号...
[2025-05-02 15:46:40] [INFO] 百度云盘账号已授权
[2025-05-02 15:46:40] [INFO] 执行全量同步: 本地 -> 百度云盘
[2025-05-02 15:46:42] [INFO] 全量同步成功: /home/ben_he/baidu_share -> /rk3588_firmware
[2025-05-02 15:46:42] [INFO] 执行全量同步: 百度云盘 -> 本地
[2025-05-02 15:46:43] [INFO] 全量同步成功: /rk3588_firmware -> /home/ben_he/baidu_share
[2025-05-02 15:46:43] [INFO] 启动定时同步，间隔: 60 秒
[2025-05-02 15:46:43] [INFO] 定时同步已启动 (PID: 3270896)
[2025-05-02 15:46:43] [INFO] 执行全量同步: 本地 -> 百度云盘
[2025-05-02 15:46:43] [INFO] 启动实时监控: /home/ben_he/baidu_share
[2025-05-02 15:46:43] [INFO] 实时监控已启动 (PID: 3270908)
[2025-05-02 15:46:43] [INFO] 同步服务已启动
[2025-05-02 15:46:45] [INFO] 全量同步成功: /home/ben_he/baidu_share -> /rk3588_firmware
[2025-05-02 15:46:45] [INFO] 执行全量同步: 百度云盘 -> 本地
[2025-05-02 15:46:47] [INFO] 全量同步成功: /rk3588_firmware -> /home/ben_he/baidu_share
[2025-05-02 15:47:47] [INFO] 执行全量同步: 本地 -> 百度云盘
[2025-05-02 15:47:49] [INFO] 全量同步成功: /home/ben_he/baidu_share -> /rk3588_firmware
[2025-05-02 15:47:49] [INFO] 执行全量同步: 百度云盘 -> 本地
[2025-05-02 15:47:50] [INFO] 全量同步成功: /rk3588_firmware -> /home/ben_he/baidu_share
[2025-05-02 15:48:50] [INFO] 执行全量同步: 本地 -> 百度云盘
[2025-05-02 15:48:52] [INFO] 全量同步成功: /home/ben_he/baidu_share -> /rk3588_firmware
[2025-05-02 15:48:52] [INFO] 执行全量同步: 百度云盘 -> 本地
[2025-05-02 15:48:53] [INFO] 全量同步成功: /rk3588_firmware -> /home/ben_he/baidu_share
[2025-05-02 15:49:53] [INFO] 执行全量同步: 本地 -> 百度云盘
[2025-05-02 15:49:56] [INFO] 全量同步成功: /home/ben_he/baidu_share -> /rk3588_firmware
[2025-05-02 15:49:56] [INFO] 执行全量同步: 百度云盘 -> 本地
[2025-05-02 15:49:57] [INFO] 全量同步成功: /rk3588_firmware -> /home/ben_he/baidu_share
[2025-05-02 15:50:57] [INFO] 执行全量同步: 本地 -> 百度云盘
[2025-05-02 15:50:59] [INFO] 全量同步成功: /home/ben_he/baidu_share -> /rk3588_firmware
[2025-05-02 15:50:59] [INFO] 执行全量同步: 百度云盘 -> 本地
[2025-05-02 15:51:01] [INFO] 全量同步成功: /rk3588_firmware -> /home/ben_he/baidu_share
[2025-05-02 15:52:01] [INFO] 执行全量同步: 本地 -> 百度云盘
[2025-05-02 15:52:02] [INFO] 全量同步成功: /home/ben_he/baidu_share -> /rk3588_firmware
[2025-05-02 15:52:02] [INFO] 执行全量同步: 百度云盘 -> 本地
[2025-05-02 15:52:04] [INFO] 全量同步成功: /rk3588_firmware -> /home/ben_he/baidu_share
[2025-05-02 15:53:04] [INFO] 执行全量同步: 本地 -> 百度云盘
[2025-05-02 15:53:05] [INFO] 全量同步成功: /home/ben_he/baidu_share -> /rk3588_firmware
[2025-05-02 15:53:05] [INFO] 执行全量同步: 百度云盘 -> 本地
[2025-05-02 15:53:07] [INFO] 全量同步成功: /rk3588_firmware -> /home/ben_he/baidu_share
[2025-05-02 15:54:07] [INFO] 执行全量同步: 本地 -> 百度云盘
[2025-05-02 15:54:09] [INFO] 全量同步成功: /home/ben_he/baidu_share -> /rk3588_firmware
[2025-05-02 15:54:09] [INFO] 执行全量同步: 百度云盘 -> 本地
[2025-05-02 15:54:11] [INFO] 全量同步成功: /rk3588_firmware -> /home/ben_he/baidu_share
[2025-05-02 15:54:25] [INFO] 停止同步服务...
[2025-05-02 15:54:25] [INFO] 查找残留进程...
[2025-05-02 15:54:25] [INFO] 终止残留的inotifywait进程: 3270907 3272720 
[2025-05-02 15:54:25] [INFO] 终止残留的脚本进程: 3270896 
[2025-05-02 15:54:26] [INFO] 所有进程已成功终止
[2025-05-02 15:54:26] [INFO] 同步服务已停止
[2025-05-02 15:54:45] [INFO] 开始同步: 本地 -> 百度云盘
[2025-05-02 15:54:45] [INFO] 检查依赖...
[2025-05-02 15:54:45] [INFO] 依赖检查通过
[2025-05-02 15:54:45] [INFO] 加载配置...
[2025-05-02 15:54:45] [INFO] 配置加载完成:
[2025-05-02 15:54:45] [INFO]   - 本地路径: /home/ben_he/baidu_share
[2025-05-02 15:54:45] [INFO]   - 远程路径: /rk3588_firmware
[2025-05-02 15:54:45] [INFO]   - 同步间隔: 60 秒
[2025-05-02 15:54:45] [INFO]   - 实时监控: true
[2025-05-02 15:54:45] [INFO]   - 同步模式: bidirectional
[2025-05-02 15:54:45] [INFO] 授权百度云盘账号...
[2025-05-02 15:54:46] [INFO] 百度云盘账号已授权
[2025-05-02 15:54:46] [INFO] 执行全量同步: 本地 -> 百度云盘
[2025-05-02 15:54:48] [INFO] 全量同步成功: /home/ben_he/baidu_share -> /rk3588_firmware
[2025-05-02 15:54:48] [INFO] 同步完成: 本地 -> 百度云盘
[2025-05-02 15:55:13] [INFO] 开始同步: 百度云盘 -> 本地
[2025-05-02 15:55:13] [INFO] 检查依赖...
[2025-05-02 15:55:13] [INFO] 依赖检查通过
[2025-05-02 15:55:13] [INFO] 加载配置...
[2025-05-02 15:55:13] [INFO] 配置加载完成:
[2025-05-02 15:55:13] [INFO]   - 本地路径: /home/ben_he/baidu_share
[2025-05-02 15:55:13] [INFO]   - 远程路径: /rk3588_firmware
[2025-05-02 15:55:13] [INFO]   - 同步间隔: 60 秒
[2025-05-02 15:55:13] [INFO]   - 实时监控: true
[2025-05-02 15:55:13] [INFO]   - 同步模式: bidirectional
[2025-05-02 15:55:13] [INFO] 授权百度云盘账号...
[2025-05-02 15:55:14] [INFO] 百度云盘账号已授权
[2025-05-02 15:55:14] [INFO] 执行全量同步: 百度云盘 -> 本地
[2025-05-02 15:55:17] [INFO] 全量同步成功: /rk3588_firmware -> /home/ben_he/baidu_share
[2025-05-02 15:55:17] [INFO] 同步完成: 百度云盘 -> 本地
[2025-05-02 16:05:11] [INFO] 开始同步: 本地 -> 百度云盘
[2025-05-02 16:05:11] [INFO] 检查依赖...
[2025-05-02 16:05:11] [INFO] 依赖检查通过
[2025-05-02 16:05:11] [INFO] 加载配置...
[2025-05-02 16:05:11] [INFO] 配置加载完成:
[2025-05-02 16:05:11] [INFO]   - 本地路径: /home/ben_he/baidu_share
[2025-05-02 16:05:11] [INFO]   - 远程路径: /rk3588_firmware
[2025-05-02 16:05:11] [INFO]   - 同步间隔: 60 秒
[2025-05-02 16:05:11] [INFO]   - 实时监控: true
[2025-05-02 16:05:11] [INFO]   - 同步模式: bidirectional
[2025-05-02 16:05:11] [INFO] 授权百度云盘账号...
[2025-05-02 16:05:12] [INFO] 百度云盘账号已授权
[2025-05-02 16:05:12] [INFO] 执行全量同步: 本地 -> 百度云盘
[2025-05-02 16:05:21] [INFO] 全量同步成功: /home/ben_he/baidu_share -> /rk3588_firmware
[2025-05-02 16:05:21] [INFO] 同步完成: 本地 -> 百度云盘
[2025-05-02 16:24:49] [INFO] 同步服务未运行
[2025-05-02 16:26:07] [INFO] 开始同步: 本地 -> 百度云盘
[2025-05-02 16:26:07] [INFO] 检查依赖...
[2025-05-02 16:26:07] [INFO] 依赖检查通过
[2025-05-02 16:26:08] [INFO] 加载配置...
[2025-05-02 16:26:08] [INFO] 配置加载完成:
[2025-05-02 16:26:08] [INFO]   - 本地路径: /home/ben_he/baidu_share
[2025-05-02 16:26:08] [INFO]   - 远程路径: /rk3588_firmware
[2025-05-02 16:26:08] [INFO]   - 同步间隔: 60 秒
[2025-05-02 16:26:08] [INFO]   - 实时监控: true
[2025-05-02 16:26:08] [INFO]   - 同步模式: bidirectional
[2025-05-02 16:26:08] [INFO] 授权百度云盘账号...
[2025-05-02 16:26:09] [INFO] 百度云盘账号已授权
[2025-05-02 16:26:09] [INFO] 执行全量同步: 本地 -> 百度云盘
[2025-05-02 16:26:17] [INFO] 全量同步成功: /home/ben_he/baidu_share -> /rk3588_firmware
[2025-05-02 16:26:17] [INFO] 同步完成: 本地 -> 百度云盘
[2025-05-02 21:34:16] [INFO] 配置同步参数...
[2025-05-02 21:35:06] [INFO] 配置已保存: /home/ben_he/baidu_sync_project/config/sync_config.json
